-0.062622
4432
-0.059509
4432
-0.059509
4432
-0.059509
4432
-0.058594
4432
-0.058777
4432
-0.058594
4432
-0.058594
4432
-0.059509
4432
-0.060242
4432
-0.058594
4432
-0.058594
4432
-0.058594
4432
-0.063538
4432
-0.059509
4432
-0.058594
4432
-0.061890
4432
-0.061890
4432
-0.058594
4432
-0.063538
4432
-0.062622
4432
-0.060425
4432
-0.060425
4432
-0.061890
4432
-0.058594
4432
-0.059509
4432
-0.059509
4432
-0.062622
4432
-0.060425
4432
-0.062622
4432
-0.061890
4432
-0.061890
4432
-0.058594
4432
-0.060242
4432
-0.059509
4432
-0.061157
4432
-0.060425
4432
-0.062622
4432
-0.062622
4432
-0.066650
4432
-0.060425
4432
-0.059509
4432
-0.062622
4432
-0.059509
4432
-0.060425
4432
-0.059509
4432
-0.059509
4432
-0.059509
4432
-0.059509
4432
-0.059509
4432
